Dataset/Injected-Faults/Ground/ground-android-Defeito-2/gnd/build/intermediates/manifest_merge_blame_file/debug/manifest-merger-blame-debug-report.txt
1<?xml version="1.0" encoding="utf-8"?>
2<!--
3  ~ Copyright 2018 Google LLC
4  ~
5  ~ Licensed under the Apache License, Version 2.0 (the "License");
6  ~ you may not use this file except in compliance with the License.
7  ~ You may obtain a copy of the License at
8  ~
9  ~     https://www.apache.org/licenses/LICENSE-2.0
10  ~
11  ~ Unless required by applicable law or agreed to in writing, software
12  ~ distributed under the License is distributed on an "AS IS" BASIS,
13  ~ WITHOUT WARRANTIES OR CONDITIONS OF ANY KIND, either express or implied.
14  ~ See the License for the specific language governing permissions and
15  ~ limitations under the License.
16-->
17<manifest xmlns:android="http://schemas.android.com/apk/res/android"
18    package="com.google.android.gnd"
19    android:versionCode="1"
20    android:versionName="1-SNAPSHOT(2165 +69 -170326) ecbd7a1" >
21
22    <uses-sdk
23        android:minSdkVersion="18"
23-->src/main/AndroidManifest.xml
24        android:targetSdkVersion="30" />
24-->src/main/AndroidManifest.xml
25
26    <uses-permission android:name="android.permission.INTERNET" />
26-->src/main/AndroidManifest.xml:23:3-65
26-->src/main/AndroidManifest.xml:23:20-62
27    <uses-permission android:name="android.permission.ACCESS_NETWORK_STATE" />
27-->src/main/AndroidManifest.xml:24:3-77
27-->src/main/AndroidManifest.xml:24:20-74
28    <uses-permission android:name="android.permission.ACCESS_COARSE_LOCATION" />
28-->src/main/AndroidManifest.xml:25:3-79
28-->src/main/AndroidManifest.xml:25:20-76
29    <uses-permission android:name="android.permission.ACCESS_FINE_LOCATION" />
29-->src/main/AndroidManifest.xml:26:3-77
29-->src/main/AndroidManifest.xml:26:20-74
30    <uses-permission android:name="android.permission.READ_EXTERNAL_STORAGE" />
30-->src/main/AndroidManifest.xml:27:3-78
30-->src/main/AndroidManifest.xml:27:20-75
31    <uses-permission android:name="android.permission.WRITE_EXTERNAL_STORAGE" />
31-->src/main/AndroidManifest.xml:28:3-79
31-->src/main/AndroidManifest.xml:28:20-76
32    <uses-permission android:name="android.permission.CAMERA" />
32-->src/main/AndroidManifest.xml:29:3-63
32-->src/main/AndroidManifest.xml:29:20-60
33    <uses-permission android:name="android.permission.BLUETOOTH" />
33-->src/main/AndroidManifest.xml:31:3-65
33-->src/main/AndroidManifest.xml:31:20-63
34    <uses-permission android:name="android.permission.BLUETOOTH_ADMIN" />
34-->src/main/AndroidManifest.xml:32:3-71
34-->src/main/AndroidManifest.xml:32:20-69
35    <uses-permission android:name="android.permission.ACCESS_WIFI_STATE" />
35-->src/main/AndroidManifest.xml:33:3-73
35-->src/main/AndroidManifest.xml:33:20-71
36
37    <uses-feature
37-->[com.google.android.gms:play-services-maps:17.0.1] AndroidManifest.xml:26:5-28:35
38        android:glEsVersion="0x00020000"
38-->[com.google.android.gms:play-services-maps:17.0.1] AndroidManifest.xml:27:9-41
39        android:required="true" />
39-->[com.google.android.gms:play-services-maps:17.0.1] AndroidManifest.xml:28:9-32
40
41    <queries>
41-->[com.google.android.gms:play-services-maps:17.0.1] AndroidManifest.xml:30:5-34:15
42
43        <!-- Needs to be explicitly declared on Android R+ -->
44        <package android:name="com.google.android.apps.maps" />
44-->[com.google.android.gms:play-services-maps:17.0.1] AndroidManifest.xml:33:9-64
44-->[com.google.android.gms:play-services-maps:17.0.1] AndroidManifest.xml:33:18-61
45    </queries>
46
47    <uses-permission android:name="android.permission.WAKE_LOCK" />
47-->[androidx.work:work-runtime:2.5.0] AndroidManifest.xml:25:5-68
47-->[androidx.work:work-runtime:2.5.0] AndroidManifest.xml:25:22-65
48    <uses-permission android:name="android.permission.RECEIVE_BOOT_COMPLETED" />
48-->[androidx.work:work-runtime:2.5.0] AndroidManifest.xml:27:5-81
48-->[androidx.work:work-runtime:2.5.0] AndroidManifest.xml:27:22-78
49    <uses-permission android:name="android.permission.FOREGROUND_SERVICE" />
49-->[androidx.work:work-runtime:2.5.0] AndroidManifest.xml:28:5-77
49-->[androidx.work:work-runtime:2.5.0] AndroidManifest.xml:28:22-74
50    <uses-permission android:name="com.google.android.finsky.permission.BIND_GET_INSTALL_REFERRER_SERVICE" />
50-->[com.google.android.gms:play-services-measurement:19.0.0] AndroidManifest.xml:26:5-110
50-->[com.google.android.gms:play-services-measurement:19.0.0] AndroidManifest.xml:26:22-107
51
52    <application
52-->src/main/AndroidManifest.xml:35:3-92:17
53        android:name="com.google.android.gnd.GndApplication"
53-->src/main/AndroidManifest.xml:36:5-35
54        android:allowBackup="true"
54-->src/main/AndroidManifest.xml:37:5-31
55        android:appComponentFactory="androidx.core.app.CoreComponentFactory"
55-->[androidx.core:core:1.5.0] AndroidManifest.xml:24:18-86
56        android:debuggable="true"
57        android:icon="@mipmap/ic_launcher"
57-->src/main/AndroidManifest.xml:38:5-39
58        android:label="@string/app_name"
58-->src/main/AndroidManifest.xml:39:5-37
59        android:roundIcon="@mipmap/ic_launcher_round"
59-->src/main/AndroidManifest.xml:40:5-50
60        android:supportsRtl="true"
60-->src/main/AndroidManifest.xml:41:5-31
61        android:theme="@style/AppTheme.Launcher" >
61-->src/main/AndroidManifest.xml:42:5-45
62
63        <!--
64         The API key for Google Maps-based APIs defined in gnd/secrets.properties.
65
66         Note that the API key is linked to the encryption key used to sign the APK.
67         You need a different API key for each encryption key, including the release key that is used to
68         sign the APK for publishing.
69        -->
70        <meta-data
70-->src/main/AndroidManifest.xml:51:5-53:53
71            android:name="com.google.android.geo.API_KEY"
71-->src/main/AndroidManifest.xml:52:7-52
72            android:value="@string/GOOGLE_MAPS_API_KEY" />
72-->src/main/AndroidManifest.xml:53:7-50
73
74        <activity
74-->src/main/AndroidManifest.xml:55:5-64:16
75            android:name="com.google.android.gnd.MainActivity"
75-->src/main/AndroidManifest.xml:56:7-35
76            android:screenOrientation="fullUser"
76-->src/main/AndroidManifest.xml:57:7-43
77            android:windowSoftInputMode="stateHidden|adjustResize" >
77-->src/main/AndroidManifest.xml:58:7-61
78            <intent-filter>
78-->src/main/AndroidManifest.xml:59:7-63:23
79                <action android:name="android.intent.action.MAIN" />
79-->src/main/AndroidManifest.xml:60:9-61
79-->src/main/AndroidManifest.xml:60:17-58
80
81                <category android:name="android.intent.category.LAUNCHER" />
81-->src/main/AndroidManifest.xml:62:9-69
81-->src/main/AndroidManifest.xml:62:19-66
82            </intent-filter>
83        </activity>
84        <activity
84-->src/main/AndroidManifest.xml:65:5-67:41
85            android:name="com.google.android.gnd.SettingsActivity"
85-->src/main/AndroidManifest.xml:66:7-39
86            android:theme="@style/AppTheme" />
86-->src/main/AndroidManifest.xml:67:7-38
87
88        <!--
89      Required for Google Maps SDK on targetSdk 28:
90      https://developers.google.com/maps/documentation/android-sdk/config#specify_requirement_for_apache_http_legacy_library
91        -->
92        <uses-library
92-->src/main/AndroidManifest.xml:73:5-75:34
93            android:name="org.apache.http.legacy"
93-->src/main/AndroidManifest.xml:74:7-44
94            android:required="false" />
94-->src/main/AndroidManifest.xml:75:7-31
95
96        <provider
96-->src/main/AndroidManifest.xml:82:5-90:16
97            android:name="androidx.core.content.FileProvider"
97-->src/main/AndroidManifest.xml:83:7-56
98            android:authorities="com.google.android.gnd"
98-->src/main/AndroidManifest.xml:84:7-51
99            android:exported="false"
99-->src/main/AndroidManifest.xml:85:7-31
100            android:grantUriPermissions="true" >
100-->src/main/AndroidManifest.xml:86:7-41
101            <meta-data
101-->src/main/AndroidManifest.xml:87:7-89:46
102                android:name="android.support.FILE_PROVIDER_PATHS"
102-->src/main/AndroidManifest.xml:88:9-59
103                android:resource="@xml/file_paths" />
103-->src/main/AndroidManifest.xml:89:9-43
104        </provider>
105        <provider
105-->[com.google.firebase:firebase-perf:20.0.1] AndroidManifest.xml:14:9-18:39
106            android:name="com.google.firebase.perf.provider.FirebasePerfProvider"
106-->[com.google.firebase:firebase-perf:20.0.1] AndroidManifest.xml:15:13-82
107            android:authorities="com.google.android.gnd.firebaseperfprovider"
107-->[com.google.firebase:firebase-perf:20.0.1] AndroidManifest.xml:16:13-72
108            android:exported="false"
108-->[com.google.firebase:firebase-perf:20.0.1] AndroidManifest.xml:17:13-37
109            android:initOrder="101" />
109-->[com.google.firebase:firebase-perf:20.0.1] AndroidManifest.xml:18:13-36
110
111        <service
111-->[com.google.firebase:firebase-perf:20.0.1] AndroidManifest.xml:20:9-26:19
112            android:name="com.google.firebase.components.ComponentDiscoveryService"
112-->[com.google.firebase:firebase-perf:20.0.1] AndroidManifest.xml:21:13-84
113            android:directBootAware="true"
113-->[com.google.firebase:firebase-common:20.0.0] AndroidManifest.xml:35:13-43
114            android:exported="false" >
114-->[com.google.firebase:firebase-perf:20.0.1] AndroidManifest.xml:22:13-37
115            <meta-data
115-->[com.google.firebase:firebase-perf:20.0.1] AndroidManifest.xml:23:13-25:85
116                android:name="com.google.firebase.components:com.google.firebase.perf.FirebasePerfRegistrar"
116-->[com.google.firebase:firebase-perf:20.0.1] AndroidManifest.xml:24:17-109
117                android:value="com.google.firebase.components.ComponentRegistrar" />
117-->[com.google.firebase:firebase-perf:20.0.1] AndroidManifest.xml:25:17-82
118            <meta-data
118-->[com.google.firebase:firebase-firestore:23.0.1] AndroidManifest.xml:20:13-22:85
119                android:name="com.google.firebase.components:com.google.firebase.firestore.FirestoreRegistrar"
119-->[com.google.firebase:firebase-firestore:23.0.1] AndroidManifest.xml:21:17-111
120                android:value="com.google.firebase.components.ComponentRegistrar" />
120-->[com.google.firebase:firebase-firestore:23.0.1] AndroidManifest.xml:22:17-82
121            <meta-data
121-->[com.google.firebase:firebase-auth:21.0.1] AndroidManifest.xml:77:13-79:85
122                android:name="com.google.firebase.components:com.google.firebase.auth.FirebaseAuthRegistrar"
122-->[com.google.firebase:firebase-auth:21.0.1] AndroidManifest.xml:78:17-109
123                android:value="com.google.firebase.components.ComponentRegistrar" />
123-->[com.google.firebase:firebase-auth:21.0.1] AndroidManifest.xml:79:17-82
124            <meta-data
124-->[com.google.firebase:firebase-storage:20.0.0] AndroidManifest.xml:33:13-35:85
125                android:name="com.google.firebase.components:com.google.firebase.storage.StorageRegistrar"
125-->[com.google.firebase:firebase-storage:20.0.0] AndroidManifest.xml:34:17-107
126                android:value="com.google.firebase.components.ComponentRegistrar" />
126-->[com.google.firebase:firebase-storage:20.0.0] AndroidManifest.xml:35:17-82
127            <meta-data
127-->[com.google.firebase:firebase-crashlytics:18.0.1] AndroidManifest.xml:18:13-20:85
128                android:name="com.google.firebase.components:com.google.firebase.crashlytics.CrashlyticsRegistrar"
128-->[com.google.firebase:firebase-crashlytics:18.0.1] AndroidManifest.xml:19:17-115
129                android:value="com.google.firebase.components.ComponentRegistrar" />
129-->[com.google.firebase:firebase-crashlytics:18.0.1] AndroidManifest.xml:20:17-82
130            <meta-data
130-->[com.google.android.gms:play-services-measurement-api:19.0.0] AndroidManifest.xml:30:13-32:85
131                android:name="com.google.firebase.components:com.google.firebase.analytics.connector.internal.AnalyticsConnectorRegistrar"
131-->[com.google.android.gms:play-services-measurement-api:19.0.0] AndroidManifest.xml:31:17-139
132                android:value="com.google.firebase.components.ComponentRegistrar" />
132-->[com.google.android.gms:play-services-measurement-api:19.0.0] AndroidManifest.xml:32:17-82
133            <meta-data
133-->[com.google.firebase:firebase-config:21.0.0] AndroidManifest.xml:32:13-34:85
134                android:name="com.google.firebase.components:com.google.firebase.remoteconfig.RemoteConfigRegistrar"
134-->[com.google.firebase:firebase-config:21.0.0] AndroidManifest.xml:33:17-117
135                android:value="com.google.firebase.components.ComponentRegistrar" />
135-->[com.google.firebase:firebase-config:21.0.0] AndroidManifest.xml:34:17-82
136            <meta-data
136-->[com.google.firebase:firebase-datatransport:18.0.0] AndroidManifest.xml:28:13-30:85
137                android:name="com.google.firebase.components:com.google.firebase.datatransport.TransportRegistrar"
137-->[com.google.firebase:firebase-datatransport:18.0.0] AndroidManifest.xml:29:17-115
138                android:value="com.google.firebase.components.ComponentRegistrar" />
138-->[com.google.firebase:firebase-datatransport:18.0.0] AndroidManifest.xml:30:17-82
139            <meta-data
139-->[com.google.firebase:firebase-installations:17.0.0] AndroidManifest.xml:18:13-20:85
140                android:name="com.google.firebase.components:com.google.firebase.installations.FirebaseInstallationsRegistrar"
140-->[com.google.firebase:firebase-installations:17.0.0] AndroidManifest.xml:19:17-127
141                android:value="com.google.firebase.components.ComponentRegistrar" />
141-->[com.google.firebase:firebase-installations:17.0.0] AndroidManifest.xml:20:17-82
142            <meta-data
142-->[com.google.firebase:firebase-abt:21.0.0] AndroidManifest.xml:13:13-15:85
143                android:name="com.google.firebase.components:com.google.firebase.abt.component.AbtRegistrar"
143-->[com.google.firebase:firebase-abt:21.0.0] AndroidManifest.xml:14:17-109
144                android:value="com.google.firebase.components.ComponentRegistrar" />
144-->[com.google.firebase:firebase-abt:21.0.0] AndroidManifest.xml:15:17-82
145        </service>
146
147        <activity
147-->[com.google.android.gms:play-services-auth:19.0.0] AndroidManifest.xml:23:9-27:75
148            android:name="com.google.android.gms.auth.api.signin.internal.SignInHubActivity"
148-->[com.google.android.gms:play-services-auth:19.0.0] AndroidManifest.xml:24:13-93
149            android:excludeFromRecents="true"
149-->[com.google.android.gms:play-services-auth:19.0.0] AndroidManifest.xml:25:13-46
150            android:exported="false"
150-->[com.google.android.gms:play-services-auth:19.0.0] AndroidManifest.xml:26:13-37
151            android:theme="@android:style/Theme.Translucent.NoTitleBar" />
151-->[com.google.android.gms:play-services-auth:19.0.0] AndroidManifest.xml:27:13-72
152        <!--
153            Service handling Google Sign-In user revocation. For apps that do not integrate with
154            Google Sign-In, this service will never be started.
155        -->
156        <service
156-->[com.google.android.gms:play-services-auth:19.0.0] AndroidManifest.xml:33:9-37:51
157            android:name="com.google.android.gms.auth.api.signin.RevocationBoundService"
157-->[com.google.android.gms:play-services-auth:19.0.0] AndroidManifest.xml:34:13-89
158            android:exported="true"
158-->[com.google.android.gms:play-services-auth:19.0.0] AndroidManifest.xml:35:13-36
159            android:permission="com.google.android.gms.auth.api.signin.permission.REVOCATION_NOTIFICATION"
159-->[com.google.android.gms:play-services-auth:19.0.0] AndroidManifest.xml:36:13-107
160            android:visibleToInstantApps="true" />
160-->[com.google.android.gms:play-services-auth:19.0.0] AndroidManifest.xml:37:13-48
161
162        <meta-data
162-->[com.google.maps.android:android-maps-utils:2.2.0] AndroidManifest.xml:12:9-14:69
163            android:name="com.google.android.gms.version"
163-->[com.google.maps.android:android-maps-utils:2.2.0] AndroidManifest.xml:13:13-58
164            android:value="@integer/google_play_services_version" />
164-->[com.google.maps.android:android-maps-utils:2.2.0] AndroidManifest.xml:14:13-66
165
166        <activity
166-->[com.google.firebase:firebase-auth:21.0.1] AndroidManifest.xml:27:9-44:20
167            android:name="com.google.firebase.auth.internal.GenericIdpActivity"
167-->[com.google.firebase:firebase-auth:21.0.1] AndroidManifest.xml:28:13-80
168            android:excludeFromRecents="true"
168-->[com.google.firebase:firebase-auth:21.0.1] AndroidManifest.xml:29:13-46
169            android:exported="true"
169-->[com.google.firebase:firebase-auth:21.0.1] AndroidManifest.xml:30:13-36
170            android:launchMode="singleTask"
170-->[com.google.firebase:firebase-auth:21.0.1] AndroidManifest.xml:31:13-44
171            android:theme="@android:style/Theme.Translucent.NoTitleBar" >
171-->[com.google.firebase:firebase-auth:21.0.1] AndroidManifest.xml:32:13-72
172            <intent-filter>
172-->[com.google.firebase:firebase-auth:21.0.1] AndroidManifest.xml:33:13-43:29
173                <action android:name="android.intent.action.VIEW" />
173-->[com.google.firebase:firebase-auth:21.0.1] AndroidManifest.xml:34:17-69
173-->[com.google.firebase:firebase-auth:21.0.1] AndroidManifest.xml:34:25-66
174
175                <category android:name="android.intent.category.DEFAULT" />
175-->[com.google.firebase:firebase-auth:21.0.1] AndroidManifest.xml:36:17-76
175-->[com.google.firebase:firebase-auth:21.0.1] AndroidManifest.xml:36:27-73
176                <category android:name="android.intent.category.BROWSABLE" />
176-->[com.google.firebase:firebase-auth:21.0.1] AndroidManifest.xml:37:17-78
176-->[com.google.firebase:firebase-auth:21.0.1] AndroidManifest.xml:37:27-75
177
178                <data
178-->[com.google.firebase:firebase-auth:21.0.1] AndroidManifest.xml:39:17-42:51
179                    android:host="firebase.auth"
179-->[com.google.firebase:firebase-auth:21.0.1] AndroidManifest.xml:40:21-49
180                    android:path="/"
180-->[com.google.firebase:firebase-auth:21.0.1] AndroidManifest.xml:41:21-37
181                    android:scheme="genericidp" />
181-->[com.google.firebase:firebase-auth:21.0.1] AndroidManifest.xml:42:21-48
182            </intent-filter>
183        </activity>
184        <activity
184-->[com.google.firebase:firebase-auth:21.0.1] AndroidManifest.xml:45:9-62:20
185            android:name="com.google.firebase.auth.internal.RecaptchaActivity"
185-->[com.google.firebase:firebase-auth:21.0.1] AndroidManifest.xml:46:13-79
186            android:excludeFromRecents="true"
186-->[com.google.firebase:firebase-auth:21.0.1] AndroidManifest.xml:47:13-46
187            android:exported="true"
187-->[com.google.firebase:firebase-auth:21.0.1] AndroidManifest.xml:48:13-36
188            android:launchMode="singleTask"
188-->[com.google.firebase:firebase-auth:21.0.1] AndroidManifest.xml:49:13-44
189            android:theme="@android:style/Theme.Translucent.NoTitleBar" >
189-->[com.google.firebase:firebase-auth:21.0.1] AndroidManifest.xml:50:13-72
190            <intent-filter>
190-->[com.google.firebase:firebase-auth:21.0.1] AndroidManifest.xml:51:13-61:29
191                <action android:name="android.intent.action.VIEW" />
191-->[com.google.firebase:firebase-auth:21.0.1] AndroidManifest.xml:34:17-69
191-->[com.google.firebase:firebase-auth:21.0.1] AndroidManifest.xml:34:25-66
192
193                <category android:name="android.intent.category.DEFAULT" />
193-->[com.google.firebase:firebase-auth:21.0.1] AndroidManifest.xml:36:17-76
193-->[com.google.firebase:firebase-auth:21.0.1] AndroidManifest.xml:36:27-73
194                <category android:name="android.intent.category.BROWSABLE" />
194-->[com.google.firebase:firebase-auth:21.0.1] AndroidManifest.xml:37:17-78
194-->[com.google.firebase:firebase-auth:21.0.1] AndroidManifest.xml:37:27-75
195
196                <data
196-->[com.google.firebase:firebase-auth:21.0.1] AndroidManifest.xml:39:17-42:51
197                    android:host="firebase.auth"
197-->[com.google.firebase:firebase-auth:21.0.1] AndroidManifest.xml:40:21-49
198                    android:path="/"
198-->[com.google.firebase:firebase-auth:21.0.1] AndroidManifest.xml:41:21-37
199                    android:scheme="recaptcha" />
199-->[com.google.firebase:firebase-auth:21.0.1] AndroidManifest.xml:42:21-48
200            </intent-filter>
201        </activity>
202
203        <service
203-->[com.google.firebase:firebase-auth:21.0.1] AndroidManifest.xml:64:9-73:19
204            android:name="com.google.firebase.auth.api.fallback.service.FirebaseAuthFallbackService"
204-->[com.google.firebase:firebase-auth:21.0.1] AndroidManifest.xml:65:13-101
205            android:enabled="true"
205-->[com.google.firebase:firebase-auth:21.0.1] AndroidManifest.xml:66:13-35
206            android:exported="false" >
206-->[com.google.firebase:firebase-auth:21.0.1] AndroidManifest.xml:67:13-37
207            <intent-filter>
207-->[com.google.firebase:firebase-auth:21.0.1] AndroidManifest.xml:68:13-72:29
208                <action android:name="com.google.firebase.auth.api.gms.service.START" />
208-->[com.google.firebase:firebase-auth:21.0.1] AndroidManifest.xml:69:17-89
208-->[com.google.firebase:firebase-auth:21.0.1] AndroidManifest.xml:69:25-86
209
210                <category android:name="android.intent.category.DEFAULT" />
210-->[com.google.firebase:firebase-auth:21.0.1] AndroidManifest.xml:36:17-76
210-->[com.google.firebase:firebase-auth:21.0.1] AndroidManifest.xml:36:27-73
211            </intent-filter>
212        </service>
213        <service
213-->[androidx.work:work-runtime:2.5.0] AndroidManifest.xml:39:9-44:35
214            android:name="androidx.work.impl.background.systemalarm.SystemAlarmService"
214-->[androidx.work:work-runtime:2.5.0] AndroidManifest.xml:40:13-88
215            android:directBootAware="false"
215-->[androidx.work:work-runtime:2.5.0] AndroidManifest.xml:41:13-44
216            android:enabled="@bool/enable_system_alarm_service_default"
216-->[androidx.work:work-runtime:2.5.0] AndroidManifest.xml:42:13-72
217            android:exported="false" />
217-->[androidx.work:work-runtime:2.5.0] AndroidManifest.xml:43:13-37
218        <service
218-->[androidx.work:work-runtime:2.5.0] AndroidManifest.xml:45:9-51:35
219            android:name="androidx.work.impl.background.systemjob.SystemJobService"
219-->[androidx.work:work-runtime:2.5.0] AndroidManifest.xml:46:13-84
220            android:directBootAware="false"
220-->[androidx.work:work-runtime:2.5.0] AndroidManifest.xml:47:13-44
221            android:enabled="@bool/enable_system_job_service_default"
221-->[androidx.work:work-runtime:2.5.0] AndroidManifest.xml:48:13-70
222            android:exported="true"
222-->[androidx.work:work-runtime:2.5.0] AndroidManifest.xml:49:13-36
223            android:permission="android.permission.BIND_JOB_SERVICE" />
223-->[androidx.work:work-runtime:2.5.0] AndroidManifest.xml:50:13-69
224        <service
224-->[androidx.work:work-runtime:2.5.0] AndroidManifest.xml:52:9-57:35
225            android:name="androidx.work.impl.foreground.SystemForegroundService"
225-->[androidx.work:work-runtime:2.5.0] AndroidManifest.xml:53:13-81
226            android:directBootAware="false"
226-->[androidx.work:work-runtime:2.5.0] AndroidManifest.xml:54:13-44
227            android:enabled="@bool/enable_system_foreground_service_default"
227-->[androidx.work:work-runtime:2.5.0] AndroidManifest.xml:55:13-77
228            android:exported="false" />
228-->[androidx.work:work-runtime:2.5.0] AndroidManifest.xml:56:13-37
229
230        <receiver
230-->[androidx.work:work-runtime:2.5.0] AndroidManifest.xml:59:9-64:35
231            android:name="androidx.work.impl.utils.ForceStopRunnable$BroadcastReceiver"
231-->[androidx.work:work-runtime:2.5.0] AndroidManifest.xml:60:13-88
232            android:directBootAware="false"
232-->[androidx.work:work-runtime:2.5.0] AndroidManifest.xml:61:13-44
233            android:enabled="true"
233-->[androidx.work:work-runtime:2.5.0] AndroidManifest.xml:62:13-35
234            android:exported="false" />
234-->[androidx.work:work-runtime:2.5.0] AndroidManifest.xml:63:13-37
235        <receiver
235-->[androidx.work:work-runtime:2.5.0] AndroidManifest.xml:65:9-75:20
236            android:name="androidx.work.impl.background.systemalarm.ConstraintProxy$BatteryChargingProxy"
236-->[androidx.work:work-runtime:2.5.0] AndroidManifest.xml:66:13-106
237            android:directBootAware="false"
237-->[androidx.work:work-runtime:2.5.0] AndroidManifest.xml:67:13-44
238            android:enabled="false"
238-->[androidx.work:work-runtime:2.5.0] AndroidManifest.xml:68:13-36
239            android:exported="false" >
239-->[androidx.work:work-runtime:2.5.0] AndroidManifest.xml:69:13-37
240            <intent-filter>
240-->[androidx.work:work-runtime:2.5.0] AndroidManifest.xml:71:13-74:29
241                <action android:name="android.intent.action.ACTION_POWER_CONNECTED" />
241-->[androidx.work:work-runtime:2.5.0] AndroidManifest.xml:72:17-87
241-->[androidx.work:work-runtime:2.5.0] AndroidManifest.xml:72:25-84
242                <action android:name="android.intent.action.ACTION_POWER_DISCONNECTED" />
242-->[androidx.work:work-runtime:2.5.0] AndroidManifest.xml:73:17-90
242-->[androidx.work:work-runtime:2.5.0] AndroidManifest.xml:73:25-87
243            </intent-filter>
244        </receiver>
245        <receiver
245-->[androidx.work:work-runtime:2.5.0] AndroidManifest.xml:76:9-86:20
246            android:name="androidx.work.impl.background.systemalarm.ConstraintProxy$BatteryNotLowProxy"
246-->[androidx.work:work-runtime:2.5.0] AndroidManifest.xml:77:13-104
247            android:directBootAware="false"
247-->[androidx.work:work-runtime:2.5.0] AndroidManifest.xml:78:13-44
248            android:enabled="false"
248-->[androidx.work:work-runtime:2.5.0] AndroidManifest.xml:79:13-36
249            android:exported="false" >
249-->[androidx.work:work-runtime:2.5.0] AndroidManifest.xml:80:13-37
250            <intent-filter>
250-->[androidx.work:work-runtime:2.5.0] AndroidManifest.xml:82:13-85:29
251                <action android:name="android.intent.action.BATTERY_OKAY" />
251-->[androidx.work:work-runtime:2.5.0] AndroidManifest.xml:83:17-77
251-->[androidx.work:work-runtime:2.5.0] AndroidManifest.xml:83:25-74
252                <action android:name="android.intent.action.BATTERY_LOW" />
252-->[androidx.work:work-runtime:2.5.0] AndroidManifest.xml:84:17-76
252-->[androidx.work:work-runtime:2.5.0] AndroidManifest.xml:84:25-73
253            </intent-filter>
254        </receiver>
255        <receiver
255-->[androidx.work:work-runtime:2.5.0] AndroidManifest.xml:87:9-97:20
256            android:name="androidx.work.impl.background.systemalarm.ConstraintProxy$StorageNotLowProxy"
256-->[androidx.work:work-runtime:2.5.0] AndroidManifest.xml:88:13-104
257            android:directBootAware="false"
257-->[androidx.work:work-runtime:2.5.0] AndroidManifest.xml:89:13-44
258            android:enabled="false"
258-->[androidx.work:work-runtime:2.5.0] AndroidManifest.xml:90:13-36
259            android:exported="false" >
259-->[androidx.work:work-runtime:2.5.0] AndroidManifest.xml:91:13-37
260            <intent-filter>
260-->[androidx.work:work-runtime:2.5.0] AndroidManifest.xml:93:13-96:29
261                <action android:name="android.intent.action.DEVICE_STORAGE_LOW" />
261-->[androidx.work:work-runtime:2.5.0] AndroidManifest.xml:94:17-83
261-->[androidx.work:work-runtime:2.5.0] AndroidManifest.xml:94:25-80
262                <action android:name="android.intent.action.DEVICE_STORAGE_OK" />
262-->[androidx.work:work-runtime:2.5.0] AndroidManifest.xml:95:17-82
262-->[androidx.work:work-runtime:2.5.0] AndroidManifest.xml:95:25-79
263            </intent-filter>
264        </receiver>
265        <receiver
265-->[androidx.work:work-runtime:2.5.0] AndroidManifest.xml:98:9-107:20
266            android:name="androidx.work.impl.background.systemalarm.ConstraintProxy$NetworkStateProxy"
266-->[androidx.work:work-runtime:2.5.0] AndroidManifest.xml:99:13-103
267            android:directBootAware="false"
267-->[androidx.work:work-runtime:2.5.0] AndroidManifest.xml:100:13-44
268            android:enabled="false"
268-->[androidx.work:work-runtime:2.5.0] AndroidManifest.xml:101:13-36
269            android:exported="false" >
269-->[androidx.work:work-runtime:2.5.0] AndroidManifest.xml:102:13-37
270            <intent-filter>
270-->[androidx.work:work-runtime:2.5.0] AndroidManifest.xml:104:13-106:29
271                <action android:name="android.net.conn.CONNECTIVITY_CHANGE" />
271-->[androidx.work:work-runtime:2.5.0] AndroidManifest.xml:105:17-79
271-->[androidx.work:work-runtime:2.5.0] AndroidManifest.xml:105:25-76
272            </intent-filter>
273        </receiver>
274        <receiver
274-->[androidx.work:work-runtime:2.5.0] AndroidManifest.xml:108:9-119:20
275            android:name="androidx.work.impl.background.systemalarm.RescheduleReceiver"
275-->[androidx.work:work-runtime:2.5.0] AndroidManifest.xml:109:13-88
276            android:directBootAware="false"
276-->[androidx.work:work-runtime:2.5.0] AndroidManifest.xml:110:13-44
277            android:enabled="false"
277-->[androidx.work:work-runtime:2.5.0] AndroidManifest.xml:111:13-36
278            android:exported="false" >
278-->[androidx.work:work-runtime:2.5.0] AndroidManifest.xml:112:13-37
279            <intent-filter>
279-->[androidx.work:work-runtime:2.5.0] AndroidManifest.xml:114:13-118:29
280                <action android:name="android.intent.action.BOOT_COMPLETED" />
280-->[androidx.work:work-runtime:2.5.0] AndroidManifest.xml:115:17-79